GAS LISTING /tmp/ccvutDfr.s 			page 1


   1              		.file	"MemoryAllocator.cpp"
   2              		.option pic
   3              		.option norelax
   4              		.text
   5              	.Ltext0:
   6              		.align	2
   7              		.globl	_ZN15MemoryAllocator9mem_allocEm
   9              	_ZN15MemoryAllocator9mem_allocEm:
  10              	.LFB0:
  11              		.file 1 "src/MemoryAllocator.cpp"
   1:src/MemoryAllocator.cpp **** //
   2:src/MemoryAllocator.cpp **** // Created by os on 5/14/22.
   3:src/MemoryAllocator.cpp **** //
   4:src/MemoryAllocator.cpp **** 
   5:src/MemoryAllocator.cpp **** #include "../h/MemoryAllocator.hpp"
   6:src/MemoryAllocator.cpp **** 
   7:src/MemoryAllocator.cpp **** void* MemoryAllocator::mem_alloc (uint64 size){
  12              		.loc 1 7 47
  13              		.cfi_startproc
  14              	.LVL0:
  15 0000 130101FF 		addi	sp,sp,-16
  16              		.cfi_def_cfa_offset 16
  17 0004 23348100 		sd	s0,8(sp)
  18              		.cfi_offset 8, -8
  19 0008 13040101 		addi	s0,sp,16
  20              		.cfi_def_cfa 8, 0
   8:src/MemoryAllocator.cpp ****     return nullptr;
  21              		.loc 1 8 5
   9:src/MemoryAllocator.cpp **** };
  22              		.loc 1 9 1 is_stmt 0
  23 000c 13050000 		li	a0,0
  24              	.LVL1:
  25 0010 03348100 		ld	s0,8(sp)
  26              		.cfi_restore 8
  27              		.cfi_def_cfa 2, 16
  28 0014 13010101 		addi	sp,sp,16
  29              		.cfi_def_cfa_offset 0
  30 0018 67800000 		jr	ra
  31              		.cfi_endproc
  32              	.LFE0:
  34              		.align	2
  35              		.globl	_ZN15MemoryAllocator8mem_freeEPv
  37              	_ZN15MemoryAllocator8mem_freeEPv:
  38              	.LFB1:
  10:src/MemoryAllocator.cpp **** 
  11:src/MemoryAllocator.cpp **** int MemoryAllocator::mem_free (void* mem){
  39              		.loc 1 11 42 is_stmt 1
  40              		.cfi_startproc
  41              	.LVL2:
  42 001c 130101FF 		addi	sp,sp,-16
  43              		.cfi_def_cfa_offset 16
  44 0020 23348100 		sd	s0,8(sp)
  45              		.cfi_offset 8, -8
  46 0024 13040101 		addi	s0,sp,16
  47              		.cfi_def_cfa 8, 0
  12:src/MemoryAllocator.cpp ****     return 0;
  48              		.loc 1 12 5
GAS LISTING /tmp/ccvutDfr.s 			page 2


  13:src/MemoryAllocator.cpp **** };...
  49              		.loc 1 13 1 is_stmt 0
  50 0028 13050000 		li	a0,0
  51              	.LVL3:
  52 002c 03348100 		ld	s0,8(sp)
  53              		.cfi_restore 8
  54              		.cfi_def_cfa 2, 16
  55 0030 13010101 		addi	sp,sp,16
  56              		.cfi_def_cfa_offset 0
  57 0034 67800000 		jr	ra
  58              		.cfi_endproc
  59              	.LFE1:
  61              	.Letext0:
  62              		.file 2 "src/../h/../lib/hw.h"
  63              		.file 3 "src/../h/MemoryAllocator.hpp"
GAS LISTING /tmp/ccvutDfr.s 			page 3


DEFINED SYMBOLS
                            *ABS*:0000000000000000 MemoryAllocator.cpp
     /tmp/ccvutDfr.s:9      .text:0000000000000000 _ZN15MemoryAllocator9mem_allocEm
     /tmp/ccvutDfr.s:13     .text:0000000000000000 .L0 
     /tmp/ccvutDfr.s:15     .text:0000000000000000 .L0 
     /tmp/ccvutDfr.s:16     .text:0000000000000004 .L0 
     /tmp/ccvutDfr.s:18     .text:0000000000000008 .L0 
     /tmp/ccvutDfr.s:20     .text:000000000000000c .L0 
     /tmp/ccvutDfr.s:22     .text:000000000000000c .L0 
     /tmp/ccvutDfr.s:23     .text:000000000000000c .L0 
     /tmp/ccvutDfr.s:26     .text:0000000000000014 .L0 
     /tmp/ccvutDfr.s:27     .text:0000000000000014 .L0 
     /tmp/ccvutDfr.s:29     .text:0000000000000018 .L0 
     /tmp/ccvutDfr.s:31     .text:000000000000001c .L0 
     /tmp/ccvutDfr.s:37     .text:000000000000001c _ZN15MemoryAllocator8mem_freeEPv
     /tmp/ccvutDfr.s:40     .text:000000000000001c .L0 
     /tmp/ccvutDfr.s:42     .text:000000000000001c .L0 
     /tmp/ccvutDfr.s:43     .text:0000000000000020 .L0 
     /tmp/ccvutDfr.s:45     .text:0000000000000024 .L0 
     /tmp/ccvutDfr.s:47     .text:0000000000000028 .L0 
     /tmp/ccvutDfr.s:49     .text:0000000000000028 .L0 
     /tmp/ccvutDfr.s:50     .text:0000000000000028 .L0 
     /tmp/ccvutDfr.s:53     .text:0000000000000030 .L0 
     /tmp/ccvutDfr.s:54     .text:0000000000000030 .L0 
     /tmp/ccvutDfr.s:56     .text:0000000000000034 .L0 
     /tmp/ccvutDfr.s:58     .text:0000000000000038 .L0 
     /tmp/ccvutDfr.s:64     .text:0000000000000038 .L0 
     /tmp/ccvutDfr.s:284    .debug_abbrev:0000000000000000 .Ldebug_abbrev0
     /tmp/ccvutDfr.s:654    .debug_str:0000000000000028 .LASF19
     /tmp/ccvutDfr.s:684    .debug_str:00000000000001a6 .LASF20
     /tmp/ccvutDfr.s:650    .debug_str:0000000000000000 .LASF21
     /tmp/ccvutDfr.s:5      .text:0000000000000000 .Ltext0
     /tmp/ccvutDfr.s:61     .text:0000000000000038 .Letext0
     /tmp/ccvutDfr.s:648    .debug_line:0000000000000000 .Ldebug_line0
     /tmp/ccvutDfr.s:652    .debug_str:000000000000001b .LASF0
     /tmp/ccvutDfr.s:690    .debug_str:00000000000001f2 .LASF1
     /tmp/ccvutDfr.s:676    .debug_str:0000000000000167 .LASF2
     /tmp/ccvutDfr.s:670    .debug_str:0000000000000144 .LASF4
     /tmp/ccvutDfr.s:664    .debug_str:00000000000000fe .LASF3
     /tmp/ccvutDfr.s:660    .debug_str:00000000000000e7 .LASF5
     /tmp/ccvutDfr.s:668    .debug_str:0000000000000131 .LASF6
     /tmp/ccvutDfr.s:688    .debug_str:00000000000001df .LASF7
     /tmp/ccvutDfr.s:698    .debug_str:0000000000000229 .LASF8
     /tmp/ccvutDfr.s:656    .debug_str:00000000000000ca .LASF9
     /tmp/ccvutDfr.s:658    .debug_str:00000000000000d8 .LASF10
     /tmp/ccvutDfr.s:694    .debug_str:0000000000000215 .LASF11
     /tmp/ccvutDfr.s:662    .debug_str:00000000000000ee .LASF12
     /tmp/ccvutDfr.s:692    .debug_str:0000000000000205 .LASF13
     /tmp/ccvutDfr.s:674    .debug_str:000000000000015b .LASF14
     /tmp/ccvutDfr.s:680    .debug_str:000000000000018b .LASF15
     /tmp/ccvutDfr.s:678    .debug_str:0000000000000175 .LASF16
     /tmp/ccvutDfr.s:672    .debug_str:000000000000014b .LASF22
     /tmp/ccvutDfr.s:700    .debug_str:0000000000000239 .LASF23
     /tmp/ccvutDfr.s:686    .debug_str:00000000000001be .LASF24
     /tmp/ccvutDfr.s:702    .debug_str:0000000000000243 .LASF25
     /tmp/ccvutDfr.s:666    .debug_str:0000000000000110 .LASF26
     /tmp/ccvutDfr.s:38     .text:000000000000001c .LFB1
GAS LISTING /tmp/ccvutDfr.s 			page 4


     /tmp/ccvutDfr.s:59     .text:0000000000000038 .LFE1
     /tmp/ccvutDfr.s:682    .debug_str:00000000000001a1 .LASF17
     /tmp/ccvutDfr.s:607    .debug_loc:0000000000000000 .LLST1
     /tmp/ccvutDfr.s:10     .text:0000000000000000 .LFB0
     /tmp/ccvutDfr.s:32     .text:000000000000001c .LFE0
     /tmp/ccvutDfr.s:621    .debug_loc:0000000000000039 .LLST0
     /tmp/ccvutDfr.s:696    .debug_str:0000000000000224 .LASF18
     /tmp/ccvutDfr.s:41     .text:000000000000001c .LVL2
     /tmp/ccvutDfr.s:51     .text:000000000000002c .LVL3
     /tmp/ccvutDfr.s:14     .text:0000000000000000 .LVL0
     /tmp/ccvutDfr.s:24     .text:0000000000000010 .LVL1
     /tmp/ccvutDfr.s:65     .debug_info:0000000000000000 .Ldebug_info0

NO UNDEFINED SYMBOLS
